Start testing: Mar 16 09:07 +03
----------------------------------------------------------
1/6 Testing: cppcheck
1/6 Test: cppcheck
Command: "/usr/bin/python3" "-u" "/opt/ros/humble/share/ament_cmake_test/cmake/run_test.py" "/home/merve/ros2_ws/src/yolo26_interfaces/.obj-x86_64-linux-gnu/test_results/yolo26_interfaces/cppcheck.xunit.xml" "--package-name" "yolo26_interfaces" "--output-file" "/home/merve/ros2_ws/src/yolo26_interfaces/.obj-x86_64-linux-gnu/ament_cppcheck/cppcheck.txt" "--command" "/opt/ros/humble/bin/ament_cppcheck" "--xunit-file" "/home/merve/ros2_ws/src/yolo26_interfaces/.obj-x86_64-linux-gnu/test_results/yolo26_interfaces/cppcheck.xunit.xml" "--include_dirs" "/home/merve/ros2_ws/src/yolo26_interfaces/.obj-x86_64-linux-gnu/rosidl_generator_c" "/home/merve/ros2_ws/src/yolo26_interfaces/.obj-x86_64-linux-gnu/rosidl_typesupport_fastrtps_c" "/home/merve/ros2_ws/src/yolo26_interfaces/.obj-x86_64-linux-gnu/rosidl_generator_cpp" "/home/merve/ros2_ws/src/yolo26_interfaces/.obj-x86_64-linux-gnu/rosidl_typesupport_fastrtps_cpp" "/home/merve/ros2_ws/src/yolo26_interfaces/.obj-x86_64-linux-gnu/rosidl_typesupport_introspection_c" "/home/merve/ros2_ws/src/yolo26_interfaces/.obj-x86_64-linux-gnu/rosidl_typesupport_introspection_cpp" "/home/merve/ros2_ws/src/yolo26_interfaces/.obj-x86_64-linux-gnu/rosidl_generator_c" "/home/merve/ros2_ws/src/yolo26_interfaces/.obj-x86_64-linux-gnu/rosidl_generator_py"
Directory: /home/merve/ros2_ws/src/yolo26_interfaces
"cppcheck" start time: Mar 16 09:07 +03
Output:
----------------------------------------------------------
-- run_test.py: invoking following command in '/home/merve/ros2_ws/src/yolo26_interfaces':
 - /opt/ros/humble/bin/ament_cppcheck --xunit-file /home/merve/ros2_ws/src/yolo26_interfaces/.obj-x86_64-linux-gnu/test_results/yolo26_interfaces/cppcheck.xunit.xml --include_dirs /home/merve/ros2_ws/src/yolo26_interfaces/.obj-x86_64-linux-gnu/rosidl_generator_c /home/merve/ros2_ws/src/yolo26_interfaces/.obj-x86_64-linux-gnu/rosidl_typesupport_fastrtps_c /home/merve/ros2_ws/src/yolo26_interfaces/.obj-x86_64-linux-gnu/rosidl_generator_cpp /home/merve/ros2_ws/src/yolo26_interfaces/.obj-x86_64-linux-gnu/rosidl_typesupport_fastrtps_cpp /home/merve/ros2_ws/src/yolo26_interfaces/.obj-x86_64-linux-gnu/rosidl_typesupport_introspection_c /home/merve/ros2_ws/src/yolo26_interfaces/.obj-x86_64-linux-gnu/rosidl_typesupport_introspection_cpp /home/merve/ros2_ws/src/yolo26_interfaces/.obj-x86_64-linux-gnu/rosidl_generator_c /home/merve/ros2_ws/src/yolo26_interfaces/.obj-x86_64-linux-gnu/rosidl_generator_py
No files found
-- run_test.py: return code 1
-- run_test.py: generate result file '/home/merve/ros2_ws/src/yolo26_interfaces/.obj-x86_64-linux-gnu/test_results/yolo26_interfaces/cppcheck.xunit.xml' with failed test
-- run_test.py: verify result file '/home/merve/ros2_ws/src/yolo26_interfaces/.obj-x86_64-linux-gnu/test_results/yolo26_interfaces/cppcheck.xunit.xml'
<end of output>
Test time =   0.15 sec
----------------------------------------------------------
Test Failed.
"cppcheck" end time: Mar 16 09:07 +03
"cppcheck" time elapsed: 00:00:00
----------------------------------------------------------

2/6 Testing: flake8
2/6 Test: flake8
Command: "/usr/bin/python3" "-u" "/opt/ros/humble/share/ament_cmake_test/cmake/run_test.py" "/home/merve/ros2_ws/src/yolo26_interfaces/.obj-x86_64-linux-gnu/test_results/yolo26_interfaces/flake8.xunit.xml" "--package-name" "yolo26_interfaces" "--output-file" "/home/merve/ros2_ws/src/yolo26_interfaces/.obj-x86_64-linux-gnu/ament_flake8/flake8.txt" "--command" "/opt/ros/humble/bin/ament_flake8" "--xunit-file" "/home/merve/ros2_ws/src/yolo26_interfaces/.obj-x86_64-linux-gnu/test_results/yolo26_interfaces/flake8.xunit.xml"
Directory: /home/merve/ros2_ws/src/yolo26_interfaces
"flake8" start time: Mar 16 09:07 +03
Output:
----------------------------------------------------------
-- run_test.py: invoking following command in '/home/merve/ros2_ws/src/yolo26_interfaces':
 - /opt/ros/humble/bin/ament_flake8 --xunit-file /home/merve/ros2_ws/src/yolo26_interfaces/.obj-x86_64-linux-gnu/test_results/yolo26_interfaces/flake8.xunit.xml

0 files checked
No problems found

Checked files:

-- run_test.py: return code 0
-- run_test.py: verify result file '/home/merve/ros2_ws/src/yolo26_interfaces/.obj-x86_64-linux-gnu/test_results/yolo26_interfaces/flake8.xunit.xml'
<end of output>
Test time =   0.23 sec
----------------------------------------------------------
Test Passed.
"flake8" end time: Mar 16 09:07 +03
"flake8" time elapsed: 00:00:00
----------------------------------------------------------

3/6 Testing: lint_cmake
3/6 Test: lint_cmake
Command: "/usr/bin/python3" "-u" "/opt/ros/humble/share/ament_cmake_test/cmake/run_test.py" "/home/merve/ros2_ws/src/yolo26_interfaces/.obj-x86_64-linux-gnu/test_results/yolo26_interfaces/lint_cmake.xunit.xml" "--package-name" "yolo26_interfaces" "--output-file" "/home/merve/ros2_ws/src/yolo26_interfaces/.obj-x86_64-linux-gnu/ament_lint_cmake/lint_cmake.txt" "--command" "/opt/ros/humble/bin/ament_lint_cmake" "--xunit-file" "/home/merve/ros2_ws/src/yolo26_interfaces/.obj-x86_64-linux-gnu/test_results/yolo26_interfaces/lint_cmake.xunit.xml"
Directory: /home/merve/ros2_ws/src/yolo26_interfaces
"lint_cmake" start time: Mar 16 09:07 +03
Output:
----------------------------------------------------------
-- run_test.py: invoking following command in '/home/merve/ros2_ws/src/yolo26_interfaces':
 - /opt/ros/humble/bin/ament_lint_cmake --xunit-file /home/merve/ros2_ws/src/yolo26_interfaces/.obj-x86_64-linux-gnu/test_results/yolo26_interfaces/lint_cmake.xunit.xml

No problems found
-- run_test.py: return code 0
-- run_test.py: verify result file '/home/merve/ros2_ws/src/yolo26_interfaces/.obj-x86_64-linux-gnu/test_results/yolo26_interfaces/lint_cmake.xunit.xml'
<end of output>
Test time =   0.15 sec
----------------------------------------------------------
Test Passed.
"lint_cmake" end time: Mar 16 09:07 +03
"lint_cmake" time elapsed: 00:00:00
----------------------------------------------------------

4/6 Testing: pep257
4/6 Test: pep257
Command: "/usr/bin/python3" "-u" "/opt/ros/humble/share/ament_cmake_test/cmake/run_test.py" "/home/merve/ros2_ws/src/yolo26_interfaces/.obj-x86_64-linux-gnu/test_results/yolo26_interfaces/pep257.xunit.xml" "--package-name" "yolo26_interfaces" "--output-file" "/home/merve/ros2_ws/src/yolo26_interfaces/.obj-x86_64-linux-gnu/ament_pep257/pep257.txt" "--command" "/opt/ros/humble/bin/ament_pep257" "--xunit-file" "/home/merve/ros2_ws/src/yolo26_interfaces/.obj-x86_64-linux-gnu/test_results/yolo26_interfaces/pep257.xunit.xml"
Directory: /home/merve/ros2_ws/src/yolo26_interfaces
"pep257" start time: Mar 16 09:07 +03
Output:
----------------------------------------------------------
-- run_test.py: invoking following command in '/home/merve/ros2_ws/src/yolo26_interfaces':
 - /opt/ros/humble/bin/ament_pep257 --xunit-file /home/merve/ros2_ws/src/yolo26_interfaces/.obj-x86_64-linux-gnu/test_results/yolo26_interfaces/pep257.xunit.xml
No problems found
-- run_test.py: return code 0
-- run_test.py: verify result file '/home/merve/ros2_ws/src/yolo26_interfaces/.obj-x86_64-linux-gnu/test_results/yolo26_interfaces/pep257.xunit.xml'
<end of output>
Test time =   0.19 sec
----------------------------------------------------------
Test Passed.
"pep257" end time: Mar 16 09:07 +03
"pep257" time elapsed: 00:00:00
----------------------------------------------------------

5/6 Testing: uncrustify
5/6 Test: uncrustify
Command: "/usr/bin/python3" "-u" "/opt/ros/humble/share/ament_cmake_test/cmake/run_test.py" "/home/merve/ros2_ws/src/yolo26_interfaces/.obj-x86_64-linux-gnu/test_results/yolo26_interfaces/uncrustify.xunit.xml" "--package-name" "yolo26_interfaces" "--output-file" "/home/merve/ros2_ws/src/yolo26_interfaces/.obj-x86_64-linux-gnu/ament_uncrustify/uncrustify.txt" "--command" "/opt/ros/humble/bin/ament_uncrustify" "--xunit-file" "/home/merve/ros2_ws/src/yolo26_interfaces/.obj-x86_64-linux-gnu/test_results/yolo26_interfaces/uncrustify.xunit.xml"
Directory: /home/merve/ros2_ws/src/yolo26_interfaces
"uncrustify" start time: Mar 16 09:07 +03
Output:
----------------------------------------------------------
-- run_test.py: invoking following command in '/home/merve/ros2_ws/src/yolo26_interfaces':
 - /opt/ros/humble/bin/ament_uncrustify --xunit-file /home/merve/ros2_ws/src/yolo26_interfaces/.obj-x86_64-linux-gnu/test_results/yolo26_interfaces/uncrustify.xunit.xml
No files found
-- run_test.py: return code 1
-- run_test.py: generate result file '/home/merve/ros2_ws/src/yolo26_interfaces/.obj-x86_64-linux-gnu/test_results/yolo26_interfaces/uncrustify.xunit.xml' with failed test
-- run_test.py: verify result file '/home/merve/ros2_ws/src/yolo26_interfaces/.obj-x86_64-linux-gnu/test_results/yolo26_interfaces/uncrustify.xunit.xml'
<end of output>
Test time =   0.14 sec
----------------------------------------------------------
Test Failed.
"uncrustify" end time: Mar 16 09:07 +03
"uncrustify" time elapsed: 00:00:00
----------------------------------------------------------

6/6 Testing: xmllint
6/6 Test: xmllint
Command: "/usr/bin/python3" "-u" "/opt/ros/humble/share/ament_cmake_test/cmake/run_test.py" "/home/merve/ros2_ws/src/yolo26_interfaces/.obj-x86_64-linux-gnu/test_results/yolo26_interfaces/xmllint.xunit.xml" "--package-name" "yolo26_interfaces" "--output-file" "/home/merve/ros2_ws/src/yolo26_interfaces/.obj-x86_64-linux-gnu/ament_xmllint/xmllint.txt" "--command" "/opt/ros/humble/bin/ament_xmllint" "--xunit-file" "/home/merve/ros2_ws/src/yolo26_interfaces/.obj-x86_64-linux-gnu/test_results/yolo26_interfaces/xmllint.xunit.xml"
Directory: /home/merve/ros2_ws/src/yolo26_interfaces
"xmllint" start time: Mar 16 09:07 +03
Output:
----------------------------------------------------------
-- run_test.py: invoking following command in '/home/merve/ros2_ws/src/yolo26_interfaces':
 - /opt/ros/humble/bin/ament_xmllint --xunit-file /home/merve/ros2_ws/src/yolo26_interfaces/.obj-x86_64-linux-gnu/test_results/yolo26_interfaces/xmllint.xunit.xml
File 'package.xml' is valid

No problems found
-- run_test.py: return code 0
-- run_test.py: verify result file '/home/merve/ros2_ws/src/yolo26_interfaces/.obj-x86_64-linux-gnu/test_results/yolo26_interfaces/xmllint.xunit.xml'
<end of output>
Test time =   0.83 sec
----------------------------------------------------------
Test Passed.
"xmllint" end time: Mar 16 09:07 +03
"xmllint" time elapsed: 00:00:00
----------------------------------------------------------

End testing: Mar 16 09:07 +03

cppcheck =   0.15 sec*proc

flake8 =   0.23 sec*proc

lint_cmake =   0.15 sec*proc

linter =   1.69 sec*proc

pep257 =   0.19 sec*proc

uncrustify =   0.14 sec*proc

xmllint =   0.83 sec*proc

